  Source.cpp
c:\users\sriram\desktop\cg\project3\project3\source.cpp(225): warning C4018: '<': signed/unsigned mismatch
c:\users\sriram\desktop\cg\project3\project3\source.cpp(227): warning C4305: 'argument': truncation from 'double' to 'GLfloat'
c:\users\sriram\desktop\cg\project3\project3\source.cpp(233): warning C4305: 'argument': truncation from 'double' to 'GLfloat'
c:\users\sriram\desktop\cg\project3\project3\source.cpp(241): warning C4018: '<': signed/unsigned mismatch
c:\users\sriram\desktop\cg\project3\project3\source.cpp(250): warning C4018: '<': signed/unsigned mismatch
c:\users\sriram\desktop\cg\project3\project3\source.cpp(259): warning C4018: '<': signed/unsigned mismatch
c:\users\sriram\desktop\cg\project3\project3\source.cpp(279): warning C4305: 'argument': truncation from 'double' to 'GLfloat'
c:\users\sriram\desktop\cg\project3\project3\source.cpp(280): warning C4305: 'argument': truncation from 'double' to 'GLfloat'
c:\users\sriram\desktop\cg\project3\project3\source.cpp(281): warning C4305: 'argument': truncation from 'double' to 'GLfloat'
c:\users\sriram\desktop\cg\project3\project3\source.cpp(282): warning C4305: 'argument': truncation from 'double' to 'GLfloat'
c:\users\sriram\desktop\cg\project3\project3\source.cpp(287): warning C4305: 'argument': truncation from 'double' to 'GLfloat'
c:\users\sriram\desktop\cg\project3\project3\source.cpp(288): warning C4305: 'argument': truncation from 'double' to 'GLfloat'
c:\users\sriram\desktop\cg\project3\project3\source.cpp(289): warning C4305: 'argument': truncation from 'double' to 'GLfloat'
c:\users\sriram\desktop\cg\project3\project3\source.cpp(290): warning C4305: 'argument': truncation from 'double' to 'GLfloat'
c:\users\sriram\desktop\cg\project3\project3\source.cpp(295): warning C4305: 'argument': truncation from 'double' to 'GLfloat'
c:\users\sriram\desktop\cg\project3\project3\source.cpp(296): warning C4305: 'argument': truncation from 'double' to 'GLfloat'
c:\users\sriram\desktop\cg\project3\project3\source.cpp(297): warning C4305: 'argument': truncation from 'double' to 'GLfloat'
c:\users\sriram\desktop\cg\project3\project3\source.cpp(298): warning C4305: 'argument': truncation from 'double' to 'GLfloat'
c:\users\sriram\desktop\cg\project3\project3\source.cpp(305): warning C4305: 'argument': truncation from 'double' to 'GLfloat'
c:\users\sriram\desktop\cg\project3\project3\source.cpp(306): warning C4305: 'argument': truncation from 'double' to 'GLfloat'
c:\users\sriram\desktop\cg\project3\project3\source.cpp(307): warning C4305: 'argument': truncation from 'double' to 'GLfloat'
c:\users\sriram\desktop\cg\project3\project3\source.cpp(308): warning C4305: 'argument': truncation from 'double' to 'GLfloat'
c:\users\sriram\desktop\cg\project3\project3\source.cpp(315): warning C4305: 'argument': truncation from 'double' to 'GLfloat'
c:\users\sriram\desktop\cg\project3\project3\source.cpp(316): warning C4305: 'argument': truncation from 'double' to 'GLfloat'
c:\users\sriram\desktop\cg\project3\project3\source.cpp(317): warning C4305: 'argument': truncation from 'double' to 'GLfloat'
c:\users\sriram\desktop\cg\project3\project3\source.cpp(318): warning C4305: 'argument': truncation from 'double' to 'GLfloat'
c:\users\sriram\desktop\cg\project3\project3\source.cpp(326): warning C4305: 'argument': truncation from 'double' to 'GLfloat'
c:\users\sriram\desktop\cg\project3\project3\source.cpp(327): warning C4305: 'argument': truncation from 'double' to 'GLfloat'
c:\users\sriram\desktop\cg\project3\project3\source.cpp(328): warning C4305: 'argument': truncation from 'double' to 'GLfloat'
c:\users\sriram\desktop\cg\project3\project3\source.cpp(329): warning C4305: 'argument': truncation from 'double' to 'GLfloat'
c:\users\sriram\desktop\cg\project3\project3\source.cpp(340): warning C4305: 'argument': truncation from 'double' to 'GLfloat'
c:\users\sriram\desktop\cg\project3\project3\source.cpp(352): warning C4305: 'argument': truncation from 'double' to 'GLfloat'
c:\users\sriram\desktop\cg\project3\project3\source.cpp(390): warning C4305: 'argument': truncation from 'double' to 'GLfloat'
c:\users\sriram\desktop\cg\project3\project3\source.cpp(391): warning C4305: 'argument': truncation from 'double' to 'GLfloat'
c:\users\sriram\desktop\cg\project3\project3\source.cpp(392): warning C4305: 'argument': truncation from 'double' to 'GLfloat'
c:\users\sriram\desktop\cg\project3\project3\source.cpp(393): warning C4305: 'argument': truncation from 'double' to 'GLfloat'
c:\users\sriram\desktop\cg\project3\project3\source.cpp(398): warning C4305: 'argument': truncation from 'double' to 'GLfloat'
c:\users\sriram\desktop\cg\project3\project3\source.cpp(399): warning C4305: 'argument': truncation from 'double' to 'GLfloat'
c:\users\sriram\desktop\cg\project3\project3\source.cpp(400): warning C4305: 'argument': truncation from 'double' to 'GLfloat'
c:\users\sriram\desktop\cg\project3\project3\source.cpp(401): warning C4305: 'argument': truncation from 'double' to 'GLfloat'
c:\users\sriram\desktop\cg\project3\project3\source.cpp(409): warning C4305: 'argument': truncation from 'double' to 'GLfloat'
c:\users\sriram\desktop\cg\project3\project3\source.cpp(410): warning C4305: 'argument': truncation from 'double' to 'GLfloat'
c:\users\sriram\desktop\cg\project3\project3\source.cpp(411): warning C4305: 'argument': truncation from 'double' to 'GLfloat'
c:\users\sriram\desktop\cg\project3\project3\source.cpp(412): warning C4305: 'argument': truncation from 'double' to 'GLfloat'
c:\users\sriram\desktop\cg\project3\project3\source.cpp(420): warning C4305: 'argument': truncation from 'double' to 'GLfloat'
c:\users\sriram\desktop\cg\project3\project3\source.cpp(421): warning C4305: 'argument': truncation from 'double' to 'GLfloat'
c:\users\sriram\desktop\cg\project3\project3\source.cpp(422): warning C4305: 'argument': truncation from 'double' to 'GLfloat'
c:\users\sriram\desktop\cg\project3\project3\source.cpp(423): warning C4305: 'argument': truncation from 'double' to 'GLfloat'
c:\users\sriram\desktop\cg\project3\project3\source.cpp(598): warning C4305: 'argument': truncation from 'double' to 'GLfloat'
c:\users\sriram\desktop\cg\project3\project3\source.cpp(599): warning C4305: 'argument': truncation from 'double' to 'GLfloat'
c:\users\sriram\desktop\cg\project3\project3\source.cpp(600): warning C4305: 'argument': truncation from 'double' to 'GLfloat'
c:\users\sriram\desktop\cg\project3\project3\source.cpp(601): warning C4305: 'argument': truncation from 'double' to 'GLfloat'
c:\users\sriram\desktop\cg\project3\project3\source.cpp(611): warning C4305: 'argument': truncation from 'double' to 'GLfloat'
c:\users\sriram\desktop\cg\project3\project3\source.cpp(613): warning C4305: 'argument': truncation from 'double' to 'GLfloat'
c:\users\sriram\desktop\cg\project3\project3\source.cpp(614): warning C4305: 'argument': truncation from 'double' to 'GLfloat'
c:\users\sriram\desktop\cg\project3\project3\source.cpp(615): warning C4305: 'argument': truncation from 'double' to 'GLfloat'
c:\users\sriram\desktop\cg\project3\project3\source.cpp(616): warning C4305: 'argument': truncation from 'double' to 'GLfloat'
c:\users\sriram\desktop\cg\project3\project3\source.cpp(621): warning C4305: 'argument': truncation from 'double' to 'GLfloat'
c:\users\sriram\desktop\cg\project3\project3\source.cpp(623): warning C4305: 'argument': truncation from 'double' to 'GLfloat'
c:\users\sriram\desktop\cg\project3\project3\source.cpp(624): warning C4305: 'argument': truncation from 'double' to 'GLfloat'
c:\users\sriram\desktop\cg\project3\project3\source.cpp(625): warning C4305: 'argument': truncation from 'double' to 'GLfloat'
c:\users\sriram\desktop\cg\project3\project3\source.cpp(626): warning C4305: 'argument': truncation from 'double' to 'GLfloat'
c:\users\sriram\desktop\cg\project3\project3\source.cpp(631): warning C4305: 'argument': truncation from 'double' to 'GLfloat'
c:\users\sriram\desktop\cg\project3\project3\source.cpp(633): warning C4305: 'argument': truncation from 'double' to 'GLfloat'
c:\users\sriram\desktop\cg\project3\project3\source.cpp(634): warning C4305: 'argument': truncation from 'double' to 'GLfloat'
c:\users\sriram\desktop\cg\project3\project3\source.cpp(635): warning C4305: 'argument': truncation from 'double' to 'GLfloat'
c:\users\sriram\desktop\cg\project3\project3\source.cpp(636): warning C4305: 'argument': truncation from 'double' to 'GLfloat'
c:\users\sriram\desktop\cg\project3\project3\source.cpp(641): warning C4305: 'argument': truncation from 'double' to 'GLfloat'
c:\users\sriram\desktop\cg\project3\project3\source.cpp(643): warning C4305: 'argument': truncation from 'double' to 'GLfloat'
c:\users\sriram\desktop\cg\project3\project3\source.cpp(644): warning C4305: 'argument': truncation from 'double' to 'GLfloat'
c:\users\sriram\desktop\cg\project3\project3\source.cpp(645): warning C4305: 'argument': truncation from 'double' to 'GLfloat'
c:\users\sriram\desktop\cg\project3\project3\source.cpp(646): warning C4305: 'argument': truncation from 'double' to 'GLfloat'
c:\users\sriram\desktop\cg\project3\project3\source.cpp(651): warning C4305: 'argument': truncation from 'double' to 'GLfloat'
c:\users\sriram\desktop\cg\project3\project3\source.cpp(653): warning C4305: 'argument': truncation from 'double' to 'GLfloat'
c:\users\sriram\desktop\cg\project3\project3\source.cpp(654): warning C4305: 'argument': truncation from 'double' to 'GLfloat'
c:\users\sriram\desktop\cg\project3\project3\source.cpp(655): warning C4305: 'argument': truncation from 'double' to 'GLfloat'
c:\users\sriram\desktop\cg\project3\project3\source.cpp(656): warning C4305: 'argument': truncation from 'double' to 'GLfloat'
c:\users\sriram\desktop\cg\project3\project3\source.cpp(661): warning C4305: 'argument': truncation from 'double' to 'GLfloat'
c:\users\sriram\desktop\cg\project3\project3\source.cpp(663): warning C4305: 'argument': truncation from 'double' to 'GLfloat'
c:\users\sriram\desktop\cg\project3\project3\source.cpp(664): warning C4305: 'argument': truncation from 'double' to 'GLfloat'
c:\users\sriram\desktop\cg\project3\project3\source.cpp(665): warning C4305: 'argument': truncation from 'double' to 'GLfloat'
c:\users\sriram\desktop\cg\project3\project3\source.cpp(666): warning C4305: 'argument': truncation from 'double' to 'GLfloat'
c:\users\sriram\desktop\cg\project3\project3\source.cpp(671): warning C4305: 'argument': truncation from 'double' to 'GLfloat'
c:\users\sriram\desktop\cg\project3\project3\source.cpp(673): warning C4305: 'argument': truncation from 'double' to 'GLfloat'
c:\users\sriram\desktop\cg\project3\project3\source.cpp(674): warning C4305: 'argument': truncation from 'double' to 'GLfloat'
c:\users\sriram\desktop\cg\project3\project3\source.cpp(675): warning C4305: 'argument': truncation from 'double' to 'GLfloat'
c:\users\sriram\desktop\cg\project3\project3\source.cpp(676): warning C4305: 'argument': truncation from 'double' to 'GLfloat'
c:\users\sriram\desktop\cg\project3\project3\source.cpp(681): warning C4305: 'argument': truncation from 'double' to 'GLfloat'
c:\users\sriram\desktop\cg\project3\project3\source.cpp(683): warning C4305: 'argument': truncation from 'double' to 'GLfloat'
c:\users\sriram\desktop\cg\project3\project3\source.cpp(684): warning C4305: 'argument': truncation from 'double' to 'GLfloat'
c:\users\sriram\desktop\cg\project3\project3\source.cpp(685): warning C4305: 'argument': truncation from 'double' to 'GLfloat'
c:\users\sriram\desktop\cg\project3\project3\source.cpp(686): warning C4305: 'argument': truncation from 'double' to 'GLfloat'
c:\users\sriram\desktop\cg\project3\project3\source.cpp(691): warning C4305: 'argument': truncation from 'double' to 'GLfloat'
c:\users\sriram\desktop\cg\project3\project3\source.cpp(693): warning C4305: 'argument': truncation from 'double' to 'GLfloat'
c:\users\sriram\desktop\cg\project3\project3\source.cpp(694): warning C4305: 'argument': truncation from 'double' to 'GLfloat'
c:\users\sriram\desktop\cg\project3\project3\source.cpp(695): warning C4305: 'argument': truncation from 'double' to 'GLfloat'
c:\users\sriram\desktop\cg\project3\project3\source.cpp(696): warning C4305: 'argument': truncation from 'double' to 'GLfloat'
c:\users\sriram\desktop\cg\project3\project3\source.cpp(811): warning C4305: 'argument': truncation from 'double' to 'GLfloat'
c:\users\sriram\desktop\cg\project3\project3\source.cpp(812): warning C4305: 'argument': truncation from 'double' to 'GLfloat'
c:\users\sriram\desktop\cg\project3\project3\source.cpp(813): warning C4305: 'argument': truncation from 'double' to 'GLfloat'
c:\users\sriram\desktop\cg\project3\project3\source.cpp(814): warning C4305: 'argument': truncation from 'double' to 'GLfloat'
c:\users\sriram\desktop\cg\project3\project3\source.cpp(821): warning C4305: 'argument': truncation from 'double' to 'GLfloat'
c:\users\sriram\desktop\cg\project3\project3\source.cpp(822): warning C4305: 'argument': truncation from 'double' to 'GLfloat'
c:\users\sriram\desktop\cg\project3\project3\source.cpp(823): warning C4305: 'argument': truncation from 'double' to 'GLfloat'
c:\users\sriram\desktop\cg\project3\project3\source.cpp(825): warning C4305: 'argument': truncation from 'double' to 'GLfloat'
c:\users\sriram\desktop\cg\project3\project3\source.cpp(832): warning C4305: 'argument': truncation from 'double' to 'GLfloat'
c:\users\sriram\desktop\cg\project3\project3\source.cpp(833): warning C4305: 'argument': truncation from 'double' to 'GLfloat'
c:\users\sriram\desktop\cg\project3\project3\source.cpp(834): warning C4305: 'argument': truncation from 'double' to 'GLfloat'
c:\users\sriram\desktop\cg\project3\project3\source.cpp(836): warning C4305: 'argument': truncation from 'double' to 'GLfloat'
c:\users\sriram\desktop\cg\project3\project3\source.cpp(843): warning C4305: 'argument': truncation from 'double' to 'GLfloat'
c:\users\sriram\desktop\cg\project3\project3\source.cpp(844): warning C4305: 'argument': truncation from 'double' to 'GLfloat'
c:\users\sriram\desktop\cg\project3\project3\source.cpp(845): warning C4305: 'argument': truncation from 'double' to 'GLfloat'
c:\users\sriram\desktop\cg\project3\project3\source.cpp(847): warning C4305: 'argument': truncation from 'double' to 'GLfloat'
c:\users\sriram\desktop\cg\project3\project3\source.cpp(854): warning C4305: 'argument': truncation from 'double' to 'GLfloat'
c:\users\sriram\desktop\cg\project3\project3\source.cpp(855): warning C4305: 'argument': truncation from 'double' to 'GLfloat'
c:\users\sriram\desktop\cg\project3\project3\source.cpp(856): warning C4305: 'argument': truncation from 'double' to 'GLfloat'
c:\users\sriram\desktop\cg\project3\project3\source.cpp(858): warning C4305: 'argument': truncation from 'double' to 'GLfloat'
c:\users\sriram\desktop\cg\project3\project3\source.cpp(865): warning C4305: 'argument': truncation from 'double' to 'GLfloat'
c:\users\sriram\desktop\cg\project3\project3\source.cpp(866): warning C4305: 'argument': truncation from 'double' to 'GLfloat'
c:\users\sriram\desktop\cg\project3\project3\source.cpp(867): warning C4305: 'argument': truncation from 'double' to 'GLfloat'
c:\users\sriram\desktop\cg\project3\project3\source.cpp(869): warning C4305: 'argument': truncation from 'double' to 'GLfloat'
c:\users\sriram\desktop\cg\project3\project3\source.cpp(876): warning C4305: 'argument': truncation from 'double' to 'GLfloat'
c:\users\sriram\desktop\cg\project3\project3\source.cpp(877): warning C4305: 'argument': truncation from 'double' to 'GLfloat'
c:\users\sriram\desktop\cg\project3\project3\source.cpp(878): warning C4305: 'argument': truncation from 'double' to 'GLfloat'
c:\users\sriram\desktop\cg\project3\project3\source.cpp(880): warning C4305: 'argument': truncation from 'double' to 'GLfloat'
c:\users\sriram\desktop\cg\project3\project3\source.cpp(887): warning C4305: 'argument': truncation from 'double' to 'GLfloat'
c:\users\sriram\desktop\cg\project3\project3\source.cpp(888): warning C4305: 'argument': truncation from 'double' to 'GLfloat'
c:\users\sriram\desktop\cg\project3\project3\source.cpp(889): warning C4305: 'argument': truncation from 'double' to 'GLfloat'
c:\users\sriram\desktop\cg\project3\project3\source.cpp(891): warning C4305: 'argument': truncation from 'double' to 'GLfloat'
c:\users\sriram\desktop\cg\project3\project3\source.cpp(898): warning C4305: 'argument': truncation from 'double' to 'GLfloat'
c:\users\sriram\desktop\cg\project3\project3\source.cpp(899): warning C4305: 'argument': truncation from 'double' to 'GLfloat'
c:\users\sriram\desktop\cg\project3\project3\source.cpp(900): warning C4305: 'argument': truncation from 'double' to 'GLfloat'
c:\users\sriram\desktop\cg\project3\project3\source.cpp(901): warning C4305: 'argument': truncation from 'double' to 'GLfloat'
c:\users\sriram\desktop\cg\project3\project3\source.cpp(1071): warning C4305: 'argument': truncation from 'double' to 'GLfloat'
c:\users\sriram\desktop\cg\project3\project3\source.cpp(1072): warning C4305: 'argument': truncation from 'double' to 'GLfloat'
c:\users\sriram\desktop\cg\project3\project3\source.cpp(1073): warning C4305: 'argument': truncation from 'double' to 'GLfloat'
c:\users\sriram\desktop\cg\project3\project3\source.cpp(1074): warning C4305: 'argument': truncation from 'double' to 'GLfloat'
c:\users\sriram\desktop\cg\project3\project3\source.cpp(1081): warning C4305: 'argument': truncation from 'double' to 'GLfloat'
c:\users\sriram\desktop\cg\project3\project3\source.cpp(1082): warning C4305: 'argument': truncation from 'double' to 'GLfloat'
c:\users\sriram\desktop\cg\project3\project3\source.cpp(1083): warning C4305: 'argument': truncation from 'double' to 'GLfloat'
c:\users\sriram\desktop\cg\project3\project3\source.cpp(1085): warning C4305: 'argument': truncation from 'double' to 'GLfloat'
c:\users\sriram\desktop\cg\project3\project3\source.cpp(1092): warning C4305: 'argument': truncation from 'double' to 'GLfloat'
c:\users\sriram\desktop\cg\project3\project3\source.cpp(1093): warning C4305: 'argument': truncation from 'double' to 'GLfloat'
c:\users\sriram\desktop\cg\project3\project3\source.cpp(1094): warning C4305: 'argument': truncation from 'double' to 'GLfloat'
c:\users\sriram\desktop\cg\project3\project3\source.cpp(1096): warning C4305: 'argument': truncation from 'double' to 'GLfloat'
c:\users\sriram\desktop\cg\project3\project3\source.cpp(1103): warning C4305: 'argument': truncation from 'double' to 'GLfloat'
c:\users\sriram\desktop\cg\project3\project3\source.cpp(1104): warning C4305: 'argument': truncation from 'double' to 'GLfloat'
c:\users\sriram\desktop\cg\project3\project3\source.cpp(1105): warning C4305: 'argument': truncation from 'double' to 'GLfloat'
c:\users\sriram\desktop\cg\project3\project3\source.cpp(1107): warning C4305: 'argument': truncation from 'double' to 'GLfloat'
c:\users\sriram\desktop\cg\project3\project3\source.cpp(1114): warning C4305: 'argument': truncation from 'double' to 'GLfloat'
c:\users\sriram\desktop\cg\project3\project3\source.cpp(1115): warning C4305: 'argument': truncation from 'double' to 'GLfloat'
c:\users\sriram\desktop\cg\project3\project3\source.cpp(1116): warning C4305: 'argument': truncation from 'double' to 'GLfloat'
c:\users\sriram\desktop\cg\project3\project3\source.cpp(1118): warning C4305: 'argument': truncation from 'double' to 'GLfloat'
c:\users\sriram\desktop\cg\project3\project3\source.cpp(1125): warning C4305: 'argument': truncation from 'double' to 'GLfloat'
c:\users\sriram\desktop\cg\project3\project3\source.cpp(1126): warning C4305: 'argument': truncation from 'double' to 'GLfloat'
c:\users\sriram\desktop\cg\project3\project3\source.cpp(1127): warning C4305: 'argument': truncation from 'double' to 'GLfloat'
c:\users\sriram\desktop\cg\project3\project3\source.cpp(1129): warning C4305: 'argument': truncation from 'double' to 'GLfloat'
c:\users\sriram\desktop\cg\project3\project3\source.cpp(1136): warning C4305: 'argument': truncation from 'double' to 'GLfloat'
c:\users\sriram\desktop\cg\project3\project3\source.cpp(1137): warning C4305: 'argument': truncation from 'double' to 'GLfloat'
c:\users\sriram\desktop\cg\project3\project3\source.cpp(1138): warning C4305: 'argument': truncation from 'double' to 'GLfloat'
c:\users\sriram\desktop\cg\project3\project3\source.cpp(1140): warning C4305: 'argument': truncation from 'double' to 'GLfloat'
c:\users\sriram\desktop\cg\project3\project3\source.cpp(1147): warning C4305: 'argument': truncation from 'double' to 'GLfloat'
c:\users\sriram\desktop\cg\project3\project3\source.cpp(1148): warning C4305: 'argument': truncation from 'double' to 'GLfloat'
c:\users\sriram\desktop\cg\project3\project3\source.cpp(1149): warning C4305: 'argument': truncation from 'double' to 'GLfloat'
c:\users\sriram\desktop\cg\project3\project3\source.cpp(1151): warning C4305: 'argument': truncation from 'double' to 'GLfloat'
c:\users\sriram\desktop\cg\project3\project3\source.cpp(1158): warning C4305: 'argument': truncation from 'double' to 'GLfloat'
c:\users\sriram\desktop\cg\project3\project3\source.cpp(1159): warning C4305: 'argument': truncation from 'double' to 'GLfloat'
c:\users\sriram\desktop\cg\project3\project3\source.cpp(1160): warning C4305: 'argument': truncation from 'double' to 'GLfloat'
c:\users\sriram\desktop\cg\project3\project3\source.cpp(1161): warning C4305: 'argument': truncation from 'double' to 'GLfloat'
c:\users\sriram\desktop\cg\project3\project3\source.cpp(1585): warning C4305: 'argument': truncation from 'double' to 'GLfloat'
c:\users\sriram\desktop\cg\project3\project3\source.cpp(1586): warning C4305: 'argument': truncation from 'double' to 'GLfloat'
c:\users\sriram\desktop\cg\project3\project3\source.cpp(1587): warning C4305: 'argument': truncation from 'double' to 'GLfloat'
c:\users\sriram\desktop\cg\project3\project3\source.cpp(1588): warning C4305: 'argument': truncation from 'double' to 'GLfloat'
c:\users\sriram\desktop\cg\project3\project3\source.cpp(1604): warning C4305: 'argument': truncation from 'double' to 'GLfloat'
c:\users\sriram\desktop\cg\project3\project3\source.cpp(1606): warning C4305: 'argument': truncation from 'double' to 'GLfloat'
c:\users\sriram\desktop\cg\project3\project3\source.cpp(1607): warning C4305: 'argument': truncation from 'double' to 'GLfloat'
c:\users\sriram\desktop\cg\project3\project3\source.cpp(1608): warning C4305: 'argument': truncation from 'double' to 'GLfloat'
c:\users\sriram\desktop\cg\project3\project3\source.cpp(1609): warning C4305: 'argument': truncation from 'double' to 'GLfloat'
c:\users\sriram\desktop\cg\project3\project3\source.cpp(1942): warning C4305: 'argument': truncation from 'double' to 'GLfloat'
c:\users\sriram\desktop\cg\project3\project3\source.cpp(1947): warning C4305: 'argument': truncation from 'double' to 'GLfloat'
c:\users\sriram\desktop\cg\project3\project3\source.cpp(1948): warning C4305: 'argument': truncation from 'double' to 'GLfloat'
c:\users\sriram\desktop\cg\project3\project3\source.cpp(1954): warning C4305: 'argument': truncation from 'double' to 'GLfloat'
c:\users\sriram\desktop\cg\project3\project3\source.cpp(1955): warning C4305: 'argument': truncation from 'double' to 'GLfloat'
c:\users\sriram\desktop\cg\project3\project3\source.cpp(1956): warning C4305: 'argument': truncation from 'double' to 'GLfloat'
c:\users\sriram\desktop\cg\project3\project3\source.cpp(1957): warning C4305: 'argument': truncation from 'double' to 'GLfloat'
c:\users\sriram\desktop\cg\project3\project3\source.cpp(1959): warning C4305: 'argument': truncation from 'double' to 'GLfloat'
c:\users\sriram\desktop\cg\project3\project3\source.cpp(1960): warning C4305: 'argument': truncation from 'double' to 'GLfloat'
c:\users\sriram\desktop\cg\project3\project3\source.cpp(1962): warning C4305: 'argument': truncation from 'double' to 'GLfloat'
c:\users\sriram\desktop\cg\project3\project3\source.cpp(1963): warning C4305: 'argument': truncation from 'double' to 'GLfloat'
c:\users\sriram\desktop\cg\project3\project3\source.cpp(1967): warning C4305: 'argument': truncation from 'double' to 'GLfloat'
c:\users\sriram\desktop\cg\project3\project3\source.cpp(1968): warning C4305: 'argument': truncation from 'double' to 'GLfloat'
c:\users\sriram\desktop\cg\project3\project3\source.cpp(1970): warning C4305: 'argument': truncation from 'double' to 'GLfloat'
c:\users\sriram\desktop\cg\project3\project3\source.cpp(1971): warning C4305: 'argument': truncation from 'double' to 'GLfloat'
c:\users\sriram\desktop\cg\project3\project3\source.cpp(1972): warning C4305: 'argument': truncation from 'double' to 'GLfloat'
c:\users\sriram\desktop\cg\project3\project3\source.cpp(1973): warning C4305: 'argument': truncation from 'double' to 'GLfloat'
c:\users\sriram\desktop\cg\project3\project3\source.cpp(1979): warning C4305: 'argument': truncation from 'double' to 'GLfloat'
c:\users\sriram\desktop\cg\project3\project3\source.cpp(1981): warning C4305: 'argument': truncation from 'double' to 'GLfloat'
c:\users\sriram\desktop\cg\project3\project3\source.cpp(1984): warning C4305: 'argument': truncation from 'double' to 'GLfloat'
c:\users\sriram\desktop\cg\project3\project3\source.cpp(1987): warning C4305: 'argument': truncation from 'double' to 'GLfloat'
c:\users\sriram\desktop\cg\project3\project3\source.cpp(1989): warning C4305: 'argument': truncation from 'double' to 'GLfloat'
c:\users\sriram\desktop\cg\project3\project3\source.cpp(1992): warning C4305: 'argument': truncation from 'double' to 'GLfloat'
c:\users\sriram\desktop\cg\project3\project3\source.cpp(1995): warning C4305: 'argument': truncation from 'double' to 'GLfloat'
c:\users\sriram\desktop\cg\project3\project3\source.cpp(1997): warning C4305: 'argument': truncation from 'double' to 'GLfloat'
c:\users\sriram\desktop\cg\project3\project3\source.cpp(2004): warning C4305: 'argument': truncation from 'double' to 'GLfloat'
c:\users\sriram\desktop\cg\project3\project3\source.cpp(2011): warning C4244: 'argument': conversion from 'double' to 'GLfloat', possible loss of data
c:\users\sriram\desktop\cg\project3\project3\source.cpp(2011): warning C4244: 'argument': conversion from 'GLint' to 'GLfloat', possible loss of data
c:\users\sriram\desktop\cg\project3\project3\source.cpp(2022): warning C4305: 'argument': truncation from 'double' to 'GLfloat'
c:\users\sriram\desktop\cg\project3\project3\source.cpp(2026): warning C4305: 'argument': truncation from 'double' to 'GLfloat'
c:\users\sriram\desktop\cg\project3\project3\source.cpp(2041): warning C4305: 'argument': truncation from 'double' to 'GLfloat'
c:\users\sriram\desktop\cg\project3\project3\source.cpp(2042): warning C4305: 'argument': truncation from 'double' to 'GLfloat'
c:\users\sriram\desktop\cg\project3\project3\source.cpp(2047): warning C4244: 'argument': conversion from 'double' to 'GLfloat', possible loss of data
c:\users\sriram\desktop\cg\project3\project3\source.cpp(2047): warning C4244: 'argument': conversion from 'GLint' to 'GLfloat', possible loss of data
c:\users\sriram\desktop\cg\project3\project3\source.cpp(2067): warning C4305: 'argument': truncation from 'double' to 'GLfloat'
c:\users\sriram\desktop\cg\project3\project3\source.cpp(2081): warning C4305: 'argument': truncation from 'double' to 'GLfloat'
c:\users\sriram\desktop\cg\project3\project3\source.cpp(2082): warning C4305: 'argument': truncation from 'double' to 'GLfloat'
c:\users\sriram\desktop\cg\project3\project3\source.cpp(2087): warning C4244: 'argument': conversion from 'double' to 'GLfloat', possible loss of data
c:\users\sriram\desktop\cg\project3\project3\source.cpp(2087): warning C4244: 'argument': conversion from 'GLint' to 'GLfloat', possible loss of data
c:\users\sriram\desktop\cg\project3\project3\source.cpp(2106): warning C4305: 'argument': truncation from 'double' to 'GLfloat'
c:\users\sriram\desktop\cg\project3\project3\source.cpp(2121): warning C4244: 'argument': conversion from 'double' to 'GLfloat', possible loss of data
c:\users\sriram\desktop\cg\project3\project3\source.cpp(2121): warning C4244: 'argument': conversion from 'GLint' to 'GLfloat', possible loss of data
c:\users\sriram\desktop\cg\project3\project3\source.cpp(2141): warning C4305: 'argument': truncation from 'double' to 'GLfloat'
c:\users\sriram\desktop\cg\project3\project3\source.cpp(2146): warning C4305: 'argument': truncation from 'double' to 'GLfloat'
c:\users\sriram\desktop\cg\project3\project3\source.cpp(2147): warning C4305: 'argument': truncation from 'double' to 'GLfloat'
c:\users\sriram\desktop\cg\project3\project3\source.cpp(2153): warning C4305: 'argument': truncation from 'double' to 'GLfloat'
c:\users\sriram\desktop\cg\project3\project3\source.cpp(2154): warning C4305: 'argument': truncation from 'double' to 'GLfloat'
c:\users\sriram\desktop\cg\project3\project3\source.cpp(2155): warning C4305: 'argument': truncation from 'double' to 'GLfloat'
c:\users\sriram\desktop\cg\project3\project3\source.cpp(2156): warning C4305: 'argument': truncation from 'double' to 'GLfloat'
c:\users\sriram\desktop\cg\project3\project3\source.cpp(2158): warning C4305: 'argument': truncation from 'double' to 'GLfloat'
c:\users\sriram\desktop\cg\project3\project3\source.cpp(2159): warning C4305: 'argument': truncation from 'double' to 'GLfloat'
c:\users\sriram\desktop\cg\project3\project3\source.cpp(2161): warning C4305: 'argument': truncation from 'double' to 'GLfloat'
c:\users\sriram\desktop\cg\project3\project3\source.cpp(2162): warning C4305: 'argument': truncation from 'double' to 'GLfloat'
c:\users\sriram\desktop\cg\project3\project3\source.cpp(2166): warning C4305: 'argument': truncation from 'double' to 'GLfloat'
c:\users\sriram\desktop\cg\project3\project3\source.cpp(2167): warning C4305: 'argument': truncation from 'double' to 'GLfloat'
c:\users\sriram\desktop\cg\project3\project3\source.cpp(2169): warning C4305: 'argument': truncation from 'double' to 'GLfloat'
c:\users\sriram\desktop\cg\project3\project3\source.cpp(2170): warning C4305: 'argument': truncation from 'double' to 'GLfloat'
c:\users\sriram\desktop\cg\project3\project3\source.cpp(2171): warning C4305: 'argument': truncation from 'double' to 'GLfloat'
c:\users\sriram\desktop\cg\project3\project3\source.cpp(2172): warning C4305: 'argument': truncation from 'double' to 'GLfloat'
c:\users\sriram\desktop\cg\project3\project3\source.cpp(2178): warning C4305: 'argument': truncation from 'double' to 'GLfloat'
c:\users\sriram\desktop\cg\project3\project3\source.cpp(2180): warning C4305: 'argument': truncation from 'double' to 'GLfloat'
c:\users\sriram\desktop\cg\project3\project3\source.cpp(2183): warning C4305: 'argument': truncation from 'double' to 'GLfloat'
c:\users\sriram\desktop\cg\project3\project3\source.cpp(2186): warning C4305: 'argument': truncation from 'double' to 'GLfloat'
c:\users\sriram\desktop\cg\project3\project3\source.cpp(2188): warning C4305: 'argument': truncation from 'double' to 'GLfloat'
c:\users\sriram\desktop\cg\project3\project3\source.cpp(2191): warning C4305: 'argument': truncation from 'double' to 'GLfloat'
c:\users\sriram\desktop\cg\project3\project3\source.cpp(2194): warning C4305: 'argument': truncation from 'double' to 'GLfloat'
c:\users\sriram\desktop\cg\project3\project3\source.cpp(2196): warning C4305: 'argument': truncation from 'double' to 'GLfloat'
c:\users\sriram\desktop\cg\project3\project3\source.cpp(2211): warning C4305: 'argument': truncation from 'double' to 'GLfloat'
c:\users\sriram\desktop\cg\project3\project3\source.cpp(2212): warning C4305: 'argument': truncation from 'double' to 'GLfloat'
c:\users\sriram\desktop\cg\project3\project3\source.cpp(2217): warning C4244: 'argument': conversion from 'double' to 'GLfloat', possible loss of data
c:\users\sriram\desktop\cg\project3\project3\source.cpp(2217): warning C4244: 'argument': conversion from 'GLint' to 'GLfloat', possible loss of data
c:\users\sriram\desktop\cg\project3\project3\source.cpp(2245): warning C4305: 'argument': truncation from 'double' to 'GLfloat'
c:\users\sriram\desktop\cg\project3\project3\source.cpp(2257): warning C4244: 'argument': conversion from 'double' to 'GLfloat', possible loss of data
c:\users\sriram\desktop\cg\project3\project3\source.cpp(2257): warning C4244: 'argument': conversion from 'GLint' to 'GLfloat', possible loss of data
c:\users\sriram\desktop\cg\project3\project3\source.cpp(2329): warning C4244: 'argument': conversion from 'time_t' to 'unsigned int', possible loss of data
c:\users\sriram\desktop\cg\project3\project3\source.cpp(2371): warning C4305: 'argument': truncation from 'double' to 'GLfloat'
c:\users\sriram\desktop\cg\project3\project3\source.cpp(2376): warning C4305: 'argument': truncation from 'double' to 'GLfloat'
c:\users\sriram\desktop\cg\project3\project3\source.cpp(2377): warning C4305: 'argument': truncation from 'double' to 'GLfloat'
c:\users\sriram\desktop\cg\project3\project3\source.cpp(2382): warning C4305: 'argument': truncation from 'double' to 'GLfloat'
c:\users\sriram\desktop\cg\project3\project3\source.cpp(2383): warning C4305: 'argument': truncation from 'double' to 'GLfloat'
c:\users\sriram\desktop\cg\project3\project3\source.cpp(2384): warning C4305: 'argument': truncation from 'double' to 'GLfloat'
c:\users\sriram\desktop\cg\project3\project3\source.cpp(2385): warning C4305: 'argument': truncation from 'double' to 'GLfloat'
c:\users\sriram\desktop\cg\project3\project3\source.cpp(2387): warning C4305: 'argument': truncation from 'double' to 'GLfloat'
c:\users\sriram\desktop\cg\project3\project3\source.cpp(2388): warning C4305: 'argument': truncation from 'double' to 'GLfloat'
c:\users\sriram\desktop\cg\project3\project3\source.cpp(2390): warning C4305: 'argument': truncation from 'double' to 'GLfloat'
c:\users\sriram\desktop\cg\project3\project3\source.cpp(2391): warning C4305: 'argument': truncation from 'double' to 'GLfloat'
c:\users\sriram\desktop\cg\project3\project3\source.cpp(2395): warning C4305: 'argument': truncation from 'double' to 'GLfloat'
c:\users\sriram\desktop\cg\project3\project3\source.cpp(2396): warning C4305: 'argument': truncation from 'double' to 'GLfloat'
c:\users\sriram\desktop\cg\project3\project3\source.cpp(2398): warning C4305: 'argument': truncation from 'double' to 'GLfloat'
c:\users\sriram\desktop\cg\project3\project3\source.cpp(2399): warning C4305: 'argument': truncation from 'double' to 'GLfloat'
c:\users\sriram\desktop\cg\project3\project3\source.cpp(2400): warning C4305: 'argument': truncation from 'double' to 'GLfloat'
c:\users\sriram\desktop\cg\project3\project3\source.cpp(2401): warning C4305: 'argument': truncation from 'double' to 'GLfloat'
c:\users\sriram\desktop\cg\project3\project3\source.cpp(2407): warning C4305: 'argument': truncation from 'double' to 'GLfloat'
c:\users\sriram\desktop\cg\project3\project3\source.cpp(2409): warning C4305: 'argument': truncation from 'double' to 'GLfloat'
c:\users\sriram\desktop\cg\project3\project3\source.cpp(2412): warning C4305: 'argument': truncation from 'double' to 'GLfloat'
c:\users\sriram\desktop\cg\project3\project3\source.cpp(2415): warning C4305: 'argument': truncation from 'double' to 'GLfloat'
c:\users\sriram\desktop\cg\project3\project3\source.cpp(2417): warning C4305: 'argument': truncation from 'double' to 'GLfloat'
c:\users\sriram\desktop\cg\project3\project3\source.cpp(2420): warning C4305: 'argument': truncation from 'double' to 'GLfloat'
c:\users\sriram\desktop\cg\project3\project3\source.cpp(2423): warning C4305: 'argument': truncation from 'double' to 'GLfloat'
c:\users\sriram\desktop\cg\project3\project3\source.cpp(2425): warning C4305: 'argument': truncation from 'double' to 'GLfloat'
c:\users\sriram\desktop\cg\project3\project3\source.cpp(2429): warning C4305: 'argument': truncation from 'double' to 'GLfloat'
c:\users\sriram\desktop\cg\project3\project3\source.cpp(2430): warning C4305: 'argument': truncation from 'double' to 'GLfloat'
c:\users\sriram\desktop\cg\project3\project3\source.cpp(2434): warning C4244: 'argument': conversion from 'double' to 'GLfloat', possible loss of data
c:\users\sriram\desktop\cg\project3\project3\source.cpp(2434): warning C4244: 'argument': conversion from 'GLint' to 'GLfloat', possible loss of data
c:\users\sriram\desktop\cg\project3\project3\source.cpp(2328): warning C4101: 'ri': unreferenced local variable
c:\users\sriram\desktop\cg\project3\project3\source.cpp(2504): warning C4305: 'argument': truncation from 'double' to 'GLfloat'
c:\users\sriram\desktop\cg\project3\project3\source.cpp(2509): warning C4305: 'argument': truncation from 'double' to 'GLfloat'
c:\users\sriram\desktop\cg\project3\project3\source.cpp(2510): warning C4305: 'argument': truncation from 'double' to 'GLfloat'
c:\users\sriram\desktop\cg\project3\project3\source.cpp(2516): warning C4305: 'argument': truncation from 'double' to 'GLfloat'
c:\users\sriram\desktop\cg\project3\project3\source.cpp(2517): warning C4305: 'argument': truncation from 'double' to 'GLfloat'
c:\users\sriram\desktop\cg\project3\project3\source.cpp(2518): warning C4305: 'argument': truncation from 'double' to 'GLfloat'
c:\users\sriram\desktop\cg\project3\project3\source.cpp(2519): warning C4305: 'argument': truncation from 'double' to 'GLfloat'
c:\users\sriram\desktop\cg\project3\project3\source.cpp(2521): warning C4305: 'argument': truncation from 'double' to 'GLfloat'
c:\users\sriram\desktop\cg\project3\project3\source.cpp(2522): warning C4305: 'argument': truncation from 'double' to 'GLfloat'
c:\users\sriram\desktop\cg\project3\project3\source.cpp(2524): warning C4305: 'argument': truncation from 'double' to 'GLfloat'
c:\users\sriram\desktop\cg\project3\project3\source.cpp(2525): warning C4305: 'argument': truncation from 'double' to 'GLfloat'
c:\users\sriram\desktop\cg\project3\project3\source.cpp(2529): warning C4305: 'argument': truncation from 'double' to 'GLfloat'
c:\users\sriram\desktop\cg\project3\project3\source.cpp(2530): warning C4305: 'argument': truncation from 'double' to 'GLfloat'
c:\users\sriram\desktop\cg\project3\project3\source.cpp(2532): warning C4305: 'argument': truncation from 'double' to 'GLfloat'
c:\users\sriram\desktop\cg\project3\project3\source.cpp(2533): warning C4305: 'argument': truncation from 'double' to 'GLfloat'
c:\users\sriram\desktop\cg\project3\project3\source.cpp(2534): warning C4305: 'argument': truncation from 'double' to 'GLfloat'
c:\users\sriram\desktop\cg\project3\project3\source.cpp(2535): warning C4305: 'argument': truncation from 'double' to 'GLfloat'
c:\users\sriram\desktop\cg\project3\project3\source.cpp(2541): warning C4305: 'argument': truncation from 'double' to 'GLfloat'
c:\users\sriram\desktop\cg\project3\project3\source.cpp(2543): warning C4305: 'argument': truncation from 'double' to 'GLfloat'
c:\users\sriram\desktop\cg\project3\project3\source.cpp(2546): warning C4305: 'argument': truncation from 'double' to 'GLfloat'
c:\users\sriram\desktop\cg\project3\project3\source.cpp(2549): warning C4305: 'argument': truncation from 'double' to 'GLfloat'
c:\users\sriram\desktop\cg\project3\project3\source.cpp(2551): warning C4305: 'argument': truncation from 'double' to 'GLfloat'
c:\users\sriram\desktop\cg\project3\project3\source.cpp(2554): warning C4305: 'argument': truncation from 'double' to 'GLfloat'
c:\users\sriram\desktop\cg\project3\project3\source.cpp(2557): warning C4305: 'argument': truncation from 'double' to 'GLfloat'
c:\users\sriram\desktop\cg\project3\project3\source.cpp(2559): warning C4305: 'argument': truncation from 'double' to 'GLfloat'
c:\users\sriram\desktop\cg\project3\project3\source.cpp(2563): warning C4305: 'argument': truncation from 'double' to 'GLfloat'
c:\users\sriram\desktop\cg\project3\project3\source.cpp(2564): warning C4305: 'argument': truncation from 'double' to 'GLfloat'
c:\users\sriram\desktop\cg\project3\project3\source.cpp(2568): warning C4244: 'argument': conversion from 'double' to 'GLfloat', possible loss of data
c:\users\sriram\desktop\cg\project3\project3\source.cpp(2568): warning C4244: 'argument': conversion from 'GLint' to 'GLfloat', possible loss of data
c:\users\sriram\desktop\cg\project3\project3\source.cpp(2599): warning C4305: 'initializing': truncation from 'double' to 'float'
c:\users\sriram\desktop\cg\project3\project3\source.cpp(2600): warning C4305: 'initializing': truncation from 'double' to 'float'
c:\users\sriram\desktop\cg\project3\project3\source.cpp(2602): warning C4305: 'initializing': truncation from 'double' to 'float'
c:\users\sriram\desktop\cg\project3\project3\source.cpp(2604): warning C4305: 'initializing': truncation from 'double' to 'float'
c:\users\sriram\desktop\cg\project3\project3\source.cpp(2607): warning C4305: 'initializing': truncation from 'double' to 'float'
c:\users\sriram\desktop\cg\project3\project3\source.cpp(2609): warning C4305: 'initializing': truncation from 'double' to 'float'
c:\users\sriram\desktop\cg\project3\project3\source.cpp(2610): warning C4305: 'initializing': truncation from 'double' to 'float'
c:\users\sriram\desktop\cg\project3\project3\source.cpp(2613): warning C4305: 'initializing': truncation from 'double' to 'float'
c:\users\sriram\desktop\cg\project3\project3\source.cpp(2620): warning C4101: 'z': unreferenced local variable
c:\users\sriram\desktop\cg\project3\project3\source.cpp(2652): warning C4305: 'argument': truncation from 'double' to 'GLfloat'
c:\users\sriram\desktop\cg\project3\project3\source.cpp(2662): warning C4305: 'argument': truncation from 'double' to 'GLfloat'
c:\users\sriram\desktop\cg\project3\project3\source.cpp(2663): warning C4305: 'argument': truncation from 'double' to 'GLfloat'
c:\users\sriram\desktop\cg\project3\project3\source.cpp(2664): warning C4305: 'argument': truncation from 'double' to 'GLfloat'
c:\users\sriram\desktop\cg\project3\project3\source.cpp(2665): warning C4305: 'argument': truncation from 'double' to 'GLfloat'
c:\users\sriram\desktop\cg\project3\project3\source.cpp(2669): warning C4305: 'argument': truncation from 'double' to 'GLfloat'
c:\users\sriram\desktop\cg\project3\project3\source.cpp(2670): warning C4305: 'argument': truncation from 'double' to 'GLfloat'
c:\users\sriram\desktop\cg\project3\project3\source.cpp(2671): warning C4305: 'argument': truncation from 'double' to 'GLfloat'
c:\users\sriram\desktop\cg\project3\project3\source.cpp(2675): warning C4305: 'argument': truncation from 'double' to 'GLfloat'
c:\users\sriram\desktop\cg\project3\project3\source.cpp(2676): warning C4305: 'argument': truncation from 'double' to 'GLfloat'
c:\users\sriram\desktop\cg\project3\project3\source.cpp(2677): warning C4305: 'argument': truncation from 'double' to 'GLfloat'
c:\users\sriram\desktop\cg\project3\project3\source.cpp(2704): warning C4244: '=': conversion from 'double' to 'float', possible loss of data
c:\users\sriram\desktop\cg\project3\project3\source.cpp(2723): warning C4305: 'argument': truncation from 'double' to 'GLfloat'
c:\users\sriram\desktop\cg\project3\project3\source.cpp(2733): warning C4305: 'argument': truncation from 'double' to 'GLfloat'
c:\users\sriram\desktop\cg\project3\project3\source.cpp(2734): warning C4305: 'argument': truncation from 'double' to 'GLfloat'
c:\users\sriram\desktop\cg\project3\project3\source.cpp(2735): warning C4305: 'argument': truncation from 'double' to 'GLfloat'
c:\users\sriram\desktop\cg\project3\project3\source.cpp(2736): warning C4305: 'argument': truncation from 'double' to 'GLfloat'
c:\users\sriram\desktop\cg\project3\project3\source.cpp(2741): warning C4305: 'argument': truncation from 'double' to 'GLfloat'
c:\users\sriram\desktop\cg\project3\project3\source.cpp(2742): warning C4305: 'argument': truncation from 'double' to 'GLfloat'
c:\users\sriram\desktop\cg\project3\project3\source.cpp(2743): warning C4305: 'argument': truncation from 'double' to 'GLfloat'
c:\users\sriram\desktop\cg\project3\project3\source.cpp(2747): warning C4305: 'argument': truncation from 'double' to 'GLfloat'
c:\users\sriram\desktop\cg\project3\project3\source.cpp(2748): warning C4305: 'argument': truncation from 'double' to 'GLfloat'
c:\users\sriram\desktop\cg\project3\project3\source.cpp(2749): warning C4305: 'argument': truncation from 'double' to 'GLfloat'
c:\users\sriram\desktop\cg\project3\project3\source.cpp(2804): warning C4305: 'argument': truncation from 'double' to 'GLfloat'
c:\users\sriram\desktop\cg\project3\project3\source.cpp(2816): warning C4305: 'argument': truncation from 'double' to 'GLfloat'
c:\users\sriram\desktop\cg\project3\project3\source.cpp(2818): warning C4305: 'argument': truncation from 'double' to 'GLfloat'
c:\users\sriram\desktop\cg\project3\project3\source.cpp(2819): warning C4305: 'argument': truncation from 'double' to 'GLfloat'
c:\users\sriram\desktop\cg\project3\project3\source.cpp(2824): warning C4305: 'argument': truncation from 'double' to 'GLfloat'
c:\users\sriram\desktop\cg\project3\project3\source.cpp(2825): warning C4305: 'argument': truncation from 'double' to 'GLfloat'
c:\users\sriram\desktop\cg\project3\project3\source.cpp(2826): warning C4305: 'argument': truncation from 'double' to 'GLfloat'
c:\users\sriram\desktop\cg\project3\project3\source.cpp(2830): warning C4305: 'argument': truncation from 'double' to 'GLfloat'
c:\users\sriram\desktop\cg\project3\project3\source.cpp(2831): warning C4305: 'argument': truncation from 'double' to 'GLfloat'
c:\users\sriram\desktop\cg\project3\project3\source.cpp(2832): warning C4305: 'argument': truncation from 'double' to 'GLfloat'
c:\users\sriram\desktop\cg\project3\project3\source.cpp(2839): warning C4244: 'argument': conversion from 'double' to 'GLint', possible loss of data
c:\users\sriram\desktop\cg\project3\project3\source.cpp(2841): warning C4244: 'argument': conversion from 'double' to 'GLint', possible loss of data
c:\users\sriram\desktop\cg\project3\project3\source.cpp(2843): warning C4244: 'argument': conversion from 'double' to 'GLint', possible loss of data
c:\users\sriram\desktop\cg\project3\project3\source.cpp(2884): warning C4305: 'argument': truncation from 'double' to 'GLfloat'
c:\users\sriram\desktop\cg\project3\project3\source.cpp(2894): warning C4305: 'argument': truncation from 'double' to 'GLfloat'
c:\users\sriram\desktop\cg\project3\project3\source.cpp(2900): warning C4305: 'argument': truncation from 'double' to 'GLfloat'
c:\users\sriram\desktop\cg\project3\project3\source.cpp(2902): warning C4305: 'argument': truncation from 'double' to 'GLfloat'
c:\users\sriram\desktop\cg\project3\project3\source.cpp(2903): warning C4305: 'argument': truncation from 'double' to 'GLfloat'
c:\users\sriram\desktop\cg\project3\project3\source.cpp(2908): warning C4305: 'argument': truncation from 'double' to 'GLfloat'
c:\users\sriram\desktop\cg\project3\project3\source.cpp(2909): warning C4305: 'argument': truncation from 'double' to 'GLfloat'
c:\users\sriram\desktop\cg\project3\project3\source.cpp(2910): warning C4305: 'argument': truncation from 'double' to 'GLfloat'
c:\users\sriram\desktop\cg\project3\project3\source.cpp(2914): warning C4305: 'argument': truncation from 'double' to 'GLfloat'
c:\users\sriram\desktop\cg\project3\project3\source.cpp(2915): warning C4305: 'argument': truncation from 'double' to 'GLfloat'
c:\users\sriram\desktop\cg\project3\project3\source.cpp(2916): warning C4305: 'argument': truncation from 'double' to 'GLfloat'
c:\users\sriram\desktop\cg\project3\project3\source.cpp(2960): warning C4305: 'argument': truncation from 'double' to 'GLfloat'
c:\users\sriram\desktop\cg\project3\project3\source.cpp(2977): warning C4305: 'argument': truncation from 'double' to 'GLfloat'
c:\users\sriram\desktop\cg\project3\project3\source.cpp(2978): warning C4305: 'argument': truncation from 'double' to 'GLfloat'
c:\users\sriram\desktop\cg\project3\project3\source.cpp(2979): warning C4305: 'argument': truncation from 'double' to 'GLfloat'
c:\users\sriram\desktop\cg\project3\project3\source.cpp(2980): warning C4305: 'argument': truncation from 'double' to 'GLfloat'
c:\users\sriram\desktop\cg\project3\project3\source.cpp(2986): warning C4305: 'argument': truncation from 'double' to 'GLfloat'
c:\users\sriram\desktop\cg\project3\project3\source.cpp(2987): warning C4305: 'argument': truncation from 'double' to 'GLfloat'
c:\users\sriram\desktop\cg\project3\project3\source.cpp(2992): warning C4305: 'argument': truncation from 'double' to 'GLfloat'
c:\users\sriram\desktop\cg\project3\project3\source.cpp(2993): warning C4305: 'argument': truncation from 'double' to 'GLfloat'
c:\users\sriram\desktop\cg\project3\project3\source.cpp(3038): warning C4305: 'argument': truncation from 'double' to 'GLfloat'
c:\users\sriram\desktop\cg\project3\project3\source.cpp(3055): warning C4305: 'argument': truncation from 'double' to 'GLfloat'
c:\users\sriram\desktop\cg\project3\project3\source.cpp(3056): warning C4305: 'argument': truncation from 'double' to 'GLfloat'
c:\users\sriram\desktop\cg\project3\project3\source.cpp(3058): warning C4305: 'argument': truncation from 'double' to 'GLfloat'
c:\users\sriram\desktop\cg\project3\project3\source.cpp(3063): warning C4305: 'argument': truncation from 'double' to 'GLfloat'
c:\users\sriram\desktop\cg\project3\project3\source.cpp(3064): warning C4305: 'argument': truncation from 'double' to 'GLfloat'
c:\users\sriram\desktop\cg\project3\project3\source.cpp(3065): warning C4305: 'argument': truncation from 'double' to 'GLfloat'
c:\users\sriram\desktop\cg\project3\project3\source.cpp(3069): warning C4305: 'argument': truncation from 'double' to 'GLfloat'
c:\users\sriram\desktop\cg\project3\project3\source.cpp(3070): warning C4305: 'argument': truncation from 'double' to 'GLfloat'
c:\users\sriram\desktop\cg\project3\project3\source.cpp(3071): warning C4305: 'argument': truncation from 'double' to 'GLfloat'
c:\users\sriram\desktop\cg\project3\project3\source.cpp(3116): warning C4305: 'argument': truncation from 'double' to 'GLfloat'
c:\users\sriram\desktop\cg\project3\project3\source.cpp(3132): warning C4305: 'argument': truncation from 'double' to 'GLfloat'
c:\users\sriram\desktop\cg\project3\project3\source.cpp(3133): warning C4305: 'argument': truncation from 'double' to 'GLfloat'
c:\users\sriram\desktop\cg\project3\project3\source.cpp(3135): warning C4305: 'argument': truncation from 'double' to 'GLfloat'
c:\users\sriram\desktop\cg\project3\project3\source.cpp(3140): warning C4305: 'argument': truncation from 'double' to 'GLfloat'
c:\users\sriram\desktop\cg\project3\project3\source.cpp(3141): warning C4305: 'argument': truncation from 'double' to 'GLfloat'
c:\users\sriram\desktop\cg\project3\project3\source.cpp(3142): warning C4305: 'argument': truncation from 'double' to 'GLfloat'
c:\users\sriram\desktop\cg\project3\project3\source.cpp(3146): warning C4305: 'argument': truncation from 'double' to 'GLfloat'
c:\users\sriram\desktop\cg\project3\project3\source.cpp(3147): warning C4305: 'argument': truncation from 'double' to 'GLfloat'
c:\users\sriram\desktop\cg\project3\project3\source.cpp(3148): warning C4305: 'argument': truncation from 'double' to 'GLfloat'
c:\users\sriram\desktop\cg\project3\project3\source.cpp(3205): warning C4305: 'argument': truncation from 'double' to 'GLfloat'
c:\users\sriram\desktop\cg\project3\project3\source.cpp(3220): warning C4305: 'argument': truncation from 'double' to 'GLfloat'
c:\users\sriram\desktop\cg\project3\project3\source.cpp(3221): warning C4305: 'argument': truncation from 'double' to 'GLfloat'
c:\users\sriram\desktop\cg\project3\project3\source.cpp(3223): warning C4305: 'argument': truncation from 'double' to 'GLfloat'
c:\users\sriram\desktop\cg\project3\project3\source.cpp(3228): warning C4305: 'argument': truncation from 'double' to 'GLfloat'
c:\users\sriram\desktop\cg\project3\project3\source.cpp(3229): warning C4305: 'argument': truncation from 'double' to 'GLfloat'
c:\users\sriram\desktop\cg\project3\project3\source.cpp(3230): warning C4305: 'argument': truncation from 'double' to 'GLfloat'
c:\users\sriram\desktop\cg\project3\project3\source.cpp(3234): warning C4305: 'argument': truncation from 'double' to 'GLfloat'
c:\users\sriram\desktop\cg\project3\project3\source.cpp(3235): warning C4305: 'argument': truncation from 'double' to 'GLfloat'
c:\users\sriram\desktop\cg\project3\project3\source.cpp(3236): warning C4305: 'argument': truncation from 'double' to 'GLfloat'
c:\users\sriram\desktop\cg\project3\project3\source.cpp(3354): warning C4554: '&': check operator precedence for possible error; use parentheses to clarify precedence
c:\users\sriram\desktop\cg\project3\project3\source.cpp(3613): warning C4326: return type of 'main' should be 'int' instead of 'void'
  LINK : C:\Users\SRiram\Desktop\cg\Project3\Debug\Project3.exe not found or not built by the last incremental link; performing full link
  Project3.vcxproj -> C:\Users\SRiram\Desktop\cg\Project3\Debug\Project3.exe
